#
# There is insufficient memory for the Java Runtime Environment to continue.
# Native memory allocation (malloc) failed to allocate 855536 bytes. Error detail: Chunk::new
# Possible reasons:
#   The system is out of physical RAM or swap space
#   This process is running with CompressedOops enabled, and the Java Heap may be blocking the growth of the native heap
# Possible solutions:
#   Reduce memory load on the system
#   Increase physical memory or swap space
#   Check if swap backing store is full
#   Decrease Java heap size (-Xmx/-Xms)
#   Decrease number of Java threads
#   Decrease Java thread stack sizes (-Xss)
#   Set larger code cache with -XX:ReservedCodeCacheSize=
#   JVM is running with Unscaled Compressed Oops mode in which the Java heap is
#     placed in the first 4GB address space. The Java Heap base address is the
#     maximum limit for the native heap growth. Please use -XX:HeapBaseMinAddress
#     to set the Java Heap base and to place the Java Heap above 4GB virtual address.
# This output file may be truncated or incomplete.
#
#  Out of Memory Error (arena.cpp:168), pid=21536, tid=24972
#
# JRE version: OpenJDK Runtime Environment Temurin-21.0.10+7 (21.0.10+7) (build 21.0.10+7-LTS)
# Java VM: OpenJDK 64-Bit Server VM Temurin-21.0.10+7 (21.0.10+7-LTS, mixed mode, sharing, tiered, compressed oops, compressed class ptrs, parallel gc, windows-amd64)
# No core dump will be written. Minidumps are not enabled by default on client versions of Windows
#

---------------  S U M M A R Y ------------

Command Line: --add-modules=ALL-SYSTEM --add-opens=java.base/java.util=ALL-UNNAMED --add-opens=java.base/java.lang=ALL-UNNAMED --add-opens=java.base/sun.nio.fs=ALL-UNNAMED -Declipse.application=org.eclipse.jdt.ls.core.id1 -Dosgi.bundles.defaultStartLevel=4 -Declipse.product=org.eclipse.jdt.ls.core.product -Djava.import.generatesMetadataFilesAtProjectRoot=false -DDetectVMInstallationsJob.disabled=true -Dfile.encoding=utf8 -XX:+UseParallelGC -XX:GCTimeRatio=4 -XX:AdaptiveSizePolicyWeight=90 -Dsun.zip.disableMemoryMapping=true -Xmx2G -Xms100m -Xlog:disable -javaagent:c:\Users\hp\.vscode\extensions\redhat.java-1.54.0-win32-x64\lombok\lombok-1.18.39-4050.jar -XX:+HeapDumpOnOutOfMemoryError -XX:HeapDumpPath=c:\Users\hp\AppData\Roaming\Code\User\workspaceStorage\4698a924fc0f88ab0c54b62ea1e35153\redhat.java -Daether.dependencyCollector.impl=bf c:\Users\hp\.vscode\extensions\redhat.java-1.54.0-win32-x64\server\plugins\org.eclipse.equinox.launcher_1.7.100.v20251111-0406.jar -configuration c:\Users\hp\AppData\Roaming\Code\User\globalStorage\redhat.java\1.54.0\config_win -data c:\Users\hp\AppData\Roaming\Code\User\workspaceStorage\4698a924fc0f88ab0c54b62ea1e35153\redhat.java\jdt_ws --pipe=\\.\pipe\lsp-9d9601a667fe0bbedab30bc8ac042a7c-sock

Host: Intel(R) Core(TM) i7-8665U CPU @ 1.90GHz, 8 cores, 15G,  Windows 11 , 64 bit Build 26100 (10.0.26100.6725)
Time: Wed Apr 22 15:51:56 2026 W. Europe Daylight Time elapsed time: 35.519681 seconds (0d 0h 0m 35s)

---------------  T H R E A D  ---------------

Current thread (0x000001f33e9b90d0):  JavaThread "C2 CompilerThread0" daemon [_thread_in_native, id=24972, stack(0x000000a877300000,0x000000a877400000) (1024K)]


Current CompileTask:
C2:35519 2199       4       org.eclipse.osgi.container.ModuleDatabase$Persistence::addMap (289 bytes)

Stack: [0x000000a877300000,0x000000a877400000]
Native frames: (J=compiled Java code, j=interpreted, Vv=VM code, C=native code)
V  [jvm.dll+0x6d7a39]
V  [jvm.dll+0x8b4b26]
V  [jvm.dll+0x8b70de]
V  [jvm.dll+0x8b77c3]
V  [jvm.dll+0x284346]
V  [jvm.dll+0xc66ed]
V  [jvm.dll+0xc6c31]
V  [jvm.dll+0x2fb29e]
V  [jvm.dll+0x5fe884]
V  [jvm.dll+0x255b17]
V  [jvm.dll+0x255edd]
V  [jvm.dll+0x24e500]
V  [jvm.dll+0x24ba42]
V  [jvm.dll+0x1cb34e]
V  [jvm.dll+0x25b85d]
V  [jvm.dll+0x259dea]
V  [jvm.dll+0x3f857e]
V  [jvm.dll+0x85f59d]
V  [jvm.dll+0x6d626d]
C  [ucrtbase.dll+0x37b0]
C  [KERNEL32.DLL+0x2e8d7]
C  [ntdll.dll+0x8c53c]


---------------  P R O C E S S  ---------------

Threads class SMR info:
_java_thread_list=0x000001f39ca98080, length=17, elements={
0x000001f33ea3d8d0, 0x000001f33e9adb70, 0x000001f33e9b23f0, 0x000001f33e9b4060,
0x000001f33e9b4cc0, 0x000001f33e9b7830, 0x000001f33e9b8290, 0x000001f33e9b90d0,
0x000001f39c0458f0, 0x000001f39c1c7450, 0x000001f39c332a50, 0x000001f39ce59050,
0x000001f39c2fec40, 0x000001f39c381280, 0x000001f39c1414f0, 0x000001f39c719a00,
0x000001f39c7c1d50
}

Java Threads: ( => current thread )
  0x000001f33ea3d8d0 JavaThread "main"                              [_thread_blocked, id=10052, stack(0x000000a876900000,0x000000a876a00000) (1024K)]
  0x000001f33e9adb70 JavaThread "Reference Handler"          daemon [_thread_blocked, id=25456, stack(0x000000a876d00000,0x000000a876e00000) (1024K)]
  0x000001f33e9b23f0 JavaThread "Finalizer"                  daemon [_thread_blocked, id=19384, stack(0x000000a876e00000,0x000000a876f00000) (1024K)]
  0x000001f33e9b4060 JavaThread "Signal Dispatcher"          daemon [_thread_blocked, id=20740, stack(0x000000a876f00000,0x000000a877000000) (1024K)]
  0x000001f33e9b4cc0 JavaThread "Attach Listener"            daemon [_thread_blocked, id=28944, stack(0x000000a877000000,0x000000a877100000) (1024K)]
  0x000001f33e9b7830 JavaThread "Service Thread"             daemon [_thread_blocked, id=14816, stack(0x000000a877100000,0x000000a877200000) (1024K)]
  0x000001f33e9b8290 JavaThread "Monitor Deflation Thread"   daemon [_thread_blocked, id=33316, stack(0x000000a877200000,0x000000a877300000) (1024K)]
=>0x000001f33e9b90d0 JavaThread "C2 CompilerThread0"         daemon [_thread_in_native, id=24972, stack(0x000000a877300000,0x000000a877400000) (1024K)]
  0x000001f39c0458f0 JavaThread "C1 CompilerThread0"         daemon [_thread_blocked, id=15872, stack(0x000000a877400000,0x000000a877500000) (1024K)]
  0x000001f39c1c7450 JavaThread "Common-Cleaner"             daemon [_thread_blocked, id=10236, stack(0x000000a877500000,0x000000a877600000) (1024K)]
  0x000001f39c332a50 JavaThread "Notification Thread"        daemon [_thread_blocked, id=17308, stack(0x000000a877600000,0x000000a877700000) (1024K)]
  0x000001f39ce59050 JavaThread "Active Thread: Equinox Container: 72f4381c-39c5-46b8-9b31-d6716e6898ff"        [_thread_in_native, id=31972, stack(0x000000a877e00000,0x000000a877f00000) (1024K)]
  0x000001f39c2fec40 JavaThread "Refresh Thread: Equinox Container: 72f4381c-39c5-46b8-9b31-d6716e6898ff" daemon [_thread_blocked, id=25736, stack(0x000000a876700000,0x000000a876800000) (1024K)]
  0x000001f39c381280 JavaThread "Framework Event Dispatcher: Equinox Container: 72f4381c-39c5-46b8-9b31-d6716e6898ff" daemon [_thread_blocked, id=10756, stack(0x000000a877f00000,0x000000a878000000) (1024K)]
  0x000001f39c1414f0 JavaThread "Start Level: Equinox Container: 72f4381c-39c5-46b8-9b31-d6716e6898ff" daemon [_thread_in_native, id=9408, stack(0x000000a878000000,0x000000a878100000) (1024K)]
  0x000001f39c719a00 JavaThread "C2 CompilerThread1"         daemon [_thread_blocked, id=2020, stack(0x000000a878100000,0x000000a878200000) (1024K)]
  0x000001f39c7c1d50 JavaThread "C2 CompilerThread2"         daemon [_thread_blocked, id=11856, stack(0x000000a878200000,0x000000a878300000) (1024K)]
Total: 17

Other Threads:
  0x000001f33e991480 VMThread "VM Thread"                           [id=25316, stack(0x000000a876c00000,0x000000a876d00000) (1024K)]
  0x000001f33e8cba00 WatcherThread "VM Periodic Task Thread"        [id=34432, stack(0x000000a876b00000,0x000000a876c00000) (1024K)]
  0x000001f33ea5cf00 WorkerThread "GC Thread#0"                     [id=20460, stack(0x000000a876a00000,0x000000a876b00000) (1024K)]
  0x000001f39cd35a80 WorkerThread "GC Thread#1"                     [id=34528, stack(0x000000a877700000,0x000000a877800000) (1024K)]
  0x000001f39c8baff0 WorkerThread "GC Thread#2"                     [id=33340, stack(0x000000a877800000,0x000000a877900000) (1024K)]
  0x000001f39c8bb3a0 WorkerThread "GC Thread#3"                     [id=18224, stack(0x000000a877900000,0x000000a877a00000) (1024K)]
  0x000001f39c8bb750 WorkerThread "GC Thread#4"                     [id=15472, stack(0x000000a877a00000,0x000000a877b00000) (1024K)]
  0x000001f39c4130e0 WorkerThread "GC Thread#5"                     [id=27508, stack(0x000000a877b00000,0x000000a877c00000) (1024K)]
  0x000001f39c413490 WorkerThread "GC Thread#6"                     [id=19832, stack(0x000000a877c00000,0x000000a877d00000) (1024K)]
  0x000001f39ce29b70 WorkerThread "GC Thread#7"                     [id=5644, stack(0x000000a877d00000,0x000000a877e00000) (1024K)]
Total: 10

Threads with active compile tasks:
C2 CompilerThread0  35580 2199       4       org.eclipse.osgi.container.ModuleDatabase$Persistence::addMap (289 bytes)
Total: 1

VM state: not at safepoint (normal execution)

VM Mutex/Monitor currently owned by a thread: None

Heap address: 0x0000000080000000, size: 2048 MB, Compressed Oops mode: 32-bit

CDS archive(s) mapped at: [0x000001f356000000-0x000001f356ba0000-0x000001f356ba0000), size 12189696, SharedBaseAddress: 0x000001f356000000, ArchiveRelocationMode: 1.
Compressed class space mapped at: 0x000001f357000000-0x000001f397000000, reserved size: 1073741824
Narrow klass base: 0x000001f356000000, Narrow klass shift: 0, Narrow klass range: 0x100000000

GC Precious Log:
 CardTable entry size: 512
 CPUs: 8 total, 8 available
 Memory: 16198M
 Large Page Support: Disabled
 NUMA Support: Disabled
 Compressed Oops: Enabled (32-bit)
 Alignments: Space 512K, Generation 512K, Heap 2M
 Heap Min Capacity: 100M
 Heap Initial Capacity: 100M
 Heap Max Capacity: 2G
 Pre-touch: Disabled
 Parallel Workers: 8

Heap:
 PSYoungGen      total 29696K, used 27489K [0x00000000d5580000, 0x00000000d7680000, 0x0000000100000000)
  eden space 25600K, 91% used [0x00000000d5580000,0x00000000d6c59188,0x00000000d6e80000)
  from space 4096K, 99% used [0x00000000d7280000,0x00000000d767f550,0x00000000d7680000)
  to   space 4096K, 0% used [0x00000000d6e80000,0x00000000d6e80000,0x00000000d7280000)
 ParOldGen       total 68608K, used 2110K [0x0000000080000000, 0x0000000084300000, 0x00000000d5580000)
  object space 68608K, 3% used [0x0000000080000000,0x000000008020f908,0x0000000084300000)
 Metaspace       used 9720K, committed 10048K, reserved 1114112K
  class space    used 1021K, committed 1152K, reserved 1048576K

Card table byte_map: [0x000001f33e3e0000,0x000001f33e7f0000] _byte_map_base: 0x000001f33dfe0000

Marking Bits: (ParMarkBitMap*) 0x00007ff86b7a3450
 Begin Bits: [0x000001f350ef0000, 0x000001f352ef0000)
 End Bits:   [0x000001f352ef0000, 0x000001f354ef0000)

Polling page: 0x000001f33e130000

Metaspace:

Usage:
  Non-class:      8.50 MB used.
      Class:   1021.71 KB used.
       Both:      9.49 MB used.

Virtual space:
  Non-class space:       64.00 MB reserved,       8.69 MB ( 14%) committed,  1 nodes.
      Class space:        1.00 GB reserved,       1.12 MB ( <1%) committed,  1 nodes.
             Both:        1.06 GB reserved,       9.81 MB ( <1%) committed. 

Chunk freelists:
   Non-Class:  6.64 MB
       Class:  14.79 MB
        Both:  21.42 MB

MaxMetaspaceSize: unlimited
CompressedClassSpaceSize: 1.00 GB
Initial GC threshold: 21.00 MB
Current GC threshold: 21.00 MB
CDS: on
 - commit_granule_bytes: 65536.
 - commit_granule_words: 8192.
 - virtual_space_node_default_size: 8388608.
 - enlarge_chunks_in_place: 1.
 - use_allocation_guard: 0.


Internal statistics:

num_allocs_failed_limit: 0.
num_arena_births: 258.
num_arena_deaths: 0.
num_vsnodes_births: 2.
num_vsnodes_deaths: 0.
num_space_committed: 157.
num_space_uncommitted: 0.
num_chunks_returned_to_freelist: 0.
num_chunks_taken_from_freelist: 513.
num_chunk_merges: 0.
num_chunk_splits: 322.
num_chunks_enlarged: 213.
num_inconsistent_stats: 0.

CodeHeap 'non-profiled nmethods': size=120000Kb used=1100Kb max_used=1100Kb free=118899Kb
 bounds [0x000001f349710000, 0x000001f349980000, 0x000001f350c40000]
CodeHeap 'profiled nmethods': size=120000Kb used=4244Kb max_used=4244Kb free=115755Kb
 bounds [0x000001f341c40000, 0x000001f342070000, 0x000001f349170000]
CodeHeap 'non-nmethods': size=5760Kb used=1230Kb max_used=1272Kb free=4530Kb
 bounds [0x000001f349170000, 0x000001f3493e0000, 0x000001f349710000]
CodeCache: size=245760Kb, used=6574Kb, max_used=6616Kb, free=239184Kb
 total_blobs=2768, nmethods=2273, adapters=401, full_count=0
Compilation: enabled, stopped_count=0, restarted_count=0

Compilation events (20 events):
Event: 35.451 Thread 0x000001f39c0458f0 2266       3       java.util.ArrayList::<init> (65 bytes)
Event: 35.452 Thread 0x000001f39c0458f0 nmethod 2266 0x000001f342058e90 code [0x000001f3420590a0, 0x000001f342059608]
Event: 35.452 Thread 0x000001f39c0458f0 2267       3       org.eclipse.osgi.container.ModuleWiring::getPersistentWires (99 bytes)
Event: 35.453 Thread 0x000001f39c0458f0 nmethod 2267 0x000001f342059790 code [0x000001f342059a00, 0x000001f34205a510]
Event: 35.462 Thread 0x000001f39c0458f0 2268       3       org.eclipse.osgi.container.ModuleWiring::getPersistentRequiredWires (9 bytes)
Event: 35.463 Thread 0x000001f39c0458f0 nmethod 2268 0x000001f34205a910 code [0x000001f34205aac0, 0x000001f34205ac00]
Event: 35.463 Thread 0x000001f39c0458f0 2269       1       java.util.Collections$EmptyList::size (2 bytes)
Event: 35.463 Thread 0x000001f39c0458f0 nmethod 2269 0x000001f34981b390 code [0x000001f34981b520, 0x000001f34981b5e8]
Event: 35.463 Thread 0x000001f39c0458f0 2270       3       org.eclipse.osgi.container.ModuleDatabase$Persistence::writeWiring (453 bytes)
Event: 35.476 Thread 0x000001f39c7c1d50 nmethod 2233 0x000001f34981b690 code [0x000001f34981ba80, 0x000001f34981d728]
Event: 35.477 Thread 0x000001f39c0458f0 nmethod 2270 0x000001f34205ac90 code [0x000001f34205b760, 0x000001f342062808]
Event: 35.477 Thread 0x000001f39c7c1d50 2240       4       java.util.HashMap::entrySet (27 bytes)
Event: 35.479 Thread 0x000001f39c7c1d50 nmethod 2240 0x000001f34981f010 code [0x000001f34981f1a0, 0x000001f34981f2c0]
Event: 35.479 Thread 0x000001f39c7c1d50 2271       4       java.lang.Integer::parseInt (264 bytes)
Event: 35.480 Thread 0x000001f39c719a00 nmethod 2251 0x000001f34981f390 code [0x000001f34981f600, 0x000001f349820158]
Event: 35.481 Thread 0x000001f39c719a00 2252       4       java.util.Collections$UnmodifiableMap::hashCode (10 bytes)
Event: 35.489 Thread 0x000001f39c7c1d50 nmethod 2271 0x000001f349820a10 code [0x000001f349820be0, 0x000001f349821028]
Event: 35.489 Thread 0x000001f39c7c1d50 2242       4       java.util.HashMap::keySet (25 bytes)
Event: 35.491 Thread 0x000001f39c7c1d50 nmethod 2242 0x000001f349821590 code [0x000001f349821720, 0x000001f349821840]
Event: 35.509 Thread 0x000001f39c719a00 nmethod 2252 0x000001f349821910 code [0x000001f349821ae0, 0x000001f3498221a0]

GC Heap History (4 events):
Event: 3.484 GC heap before
{Heap before GC invocations=1 (full 0):
 PSYoungGen      total 29696K, used 25600K [0x00000000d5580000, 0x00000000d7680000, 0x0000000100000000)
  eden space 25600K, 100% used [0x00000000d5580000,0x00000000d6e80000,0x00000000d6e80000)
  from space 4096K, 0% used [0x00000000d7280000,0x00000000d7280000,0x00000000d7680000)
  to   space 4096K, 0% used [0x00000000d6e80000,0x00000000d6e80000,0x00000000d7280000)
 ParOldGen       total 68608K, used 0K [0x0000000080000000, 0x0000000084300000, 0x00000000d5580000)
  object space 68608K, 0% used [0x0000000080000000,0x0000000080000000,0x0000000084300000)
 Metaspace       used 4359K, committed 4608K, reserved 1114112K
  class space    used 474K, committed 576K, reserved 1048576K
}
Event: 3.501 GC heap after
{Heap after GC invocations=1 (full 0):
 PSYoungGen      total 29696K, used 3319K [0x00000000d5580000, 0x00000000d7680000, 0x0000000100000000)
  eden space 25600K, 0% used [0x00000000d5580000,0x00000000d5580000,0x00000000d6e80000)
  from space 4096K, 81% used [0x00000000d6e80000,0x00000000d71bdea8,0x00000000d7280000)
  to   space 4096K, 0% used [0x00000000d7280000,0x00000000d7280000,0x00000000d7680000)
 ParOldGen       total 68608K, used 16K [0x0000000080000000, 0x0000000084300000, 0x00000000d5580000)
  object space 68608K, 0% used [0x0000000080000000,0x0000000080004000,0x0000000084300000)
 Metaspace       used 4359K, committed 4608K, reserved 1114112K
  class space    used 474K, committed 576K, reserved 1048576K
}
Event: 28.103 GC heap before
{Heap before GC invocations=2 (full 0):
 PSYoungGen      total 29696K, used 28919K [0x00000000d5580000, 0x00000000d7680000, 0x0000000100000000)
  eden space 25600K, 100% used [0x00000000d5580000,0x00000000d6e80000,0x00000000d6e80000)
  from space 4096K, 81% used [0x00000000d6e80000,0x00000000d71bdea8,0x00000000d7280000)
  to   space 4096K, 0% used [0x00000000d7280000,0x00000000d7280000,0x00000000d7680000)
 ParOldGen       total 68608K, used 16K [0x0000000080000000, 0x0000000084300000, 0x00000000d5580000)
  object space 68608K, 0% used [0x0000000080000000,0x0000000080004000,0x0000000084300000)
 Metaspace       used 8013K, committed 8320K, reserved 1114112K
  class space    used 828K, committed 960K, reserved 1048576K
}
Event: 28.117 GC heap after
{Heap after GC invocations=2 (full 0):
 PSYoungGen      total 29696K, used 4093K [0x00000000d5580000, 0x00000000d7680000, 0x0000000100000000)
  eden space 25600K, 0% used [0x00000000d5580000,0x00000000d5580000,0x00000000d6e80000)
  from space 4096K, 99% used [0x00000000d7280000,0x00000000d767f550,0x00000000d7680000)
  to   space 4096K, 0% used [0x00000000d6e80000,0x00000000d6e80000,0x00000000d7280000)
 ParOldGen       total 68608K, used 2110K [0x0000000080000000, 0x0000000084300000, 0x00000000d5580000)
  object space 68608K, 3% used [0x0000000080000000,0x000000008020f908,0x0000000084300000)
 Metaspace       used 8013K, committed 8320K, reserved 1114112K
  class space    used 828K, committed 960K, reserved 1048576K
}

Dll operation events (9 events):
Event: 0.154 Loaded shared library c:\Users\hp\.vscode\extensions\redhat.java-1.54.0-win32-x64\jre\21.0.10-win32-x86_64\bin\java.dll
Event: 0.453 Loaded shared library c:\Users\hp\.vscode\extensions\redhat.java-1.54.0-win32-x64\jre\21.0.10-win32-x86_64\bin\zip.dll
Event: 0.519 Loaded shared library C:\Users\hp\.vscode\extensions\redhat.java-1.54.0-win32-x64\jre\21.0.10-win32-x86_64\bin\instrument.dll
Event: 0.537 Loaded shared library C:\Users\hp\.vscode\extensions\redhat.java-1.54.0-win32-x64\jre\21.0.10-win32-x86_64\bin\net.dll
Event: 0.671 Loaded shared library C:\Users\hp\.vscode\extensions\redhat.java-1.54.0-win32-x64\jre\21.0.10-win32-x86_64\bin\nio.dll
Event: 0.682 Loaded shared library C:\Users\hp\.vscode\extensions\redhat.java-1.54.0-win32-x64\jre\21.0.10-win32-x86_64\bin\zip.dll
Event: 0.799 Loaded shared library C:\Users\hp\.vscode\extensions\redhat.java-1.54.0-win32-x64\jre\21.0.10-win32-x86_64\bin\jimage.dll
Event: 1.160 Loaded shared library c:\Users\hp\.vscode\extensions\redhat.java-1.54.0-win32-x64\jre\21.0.10-win32-x86_64\bin\verify.dll
Event: 32.303 Loaded shared library C:\Users\hp\AppData\Roaming\Code\User\globalStorage\redhat.java\1.54.0\config_win\org.eclipse.equinox.launcher\org.eclipse.equinox.launcher.win32.win32.x86_64_1.3.0.v20260203-2149\eclipse_11919.dll

Deoptimization events (20 events):
Event: 35.336 Thread 0x000001f39ce59050 DEOPT PACKING pc=0x000001f34200f82e sp=0x000000a877efecf0
Event: 35.336 Thread 0x000001f39ce59050 DEOPT UNPACKING pc=0x000001f3491c4242 sp=0x000000a877efe248 mode 0
Event: 35.337 Thread 0x000001f39ce59050 DEOPT PACKING pc=0x000001f34200f82e sp=0x000000a877efecf0
Event: 35.337 Thread 0x000001f39ce59050 DEOPT UNPACKING pc=0x000001f3491c4242 sp=0x000000a877efe248 mode 0
Event: 35.338 Thread 0x000001f39ce59050 DEOPT PACKING pc=0x000001f34200f82e sp=0x000000a877efecf0
Event: 35.338 Thread 0x000001f39ce59050 DEOPT UNPACKING pc=0x000001f3491c4242 sp=0x000000a877efe248 mode 0
Event: 35.338 Thread 0x000001f39ce59050 DEOPT PACKING pc=0x000001f34200f82e sp=0x000000a877efecf0
Event: 35.338 Thread 0x000001f39ce59050 DEOPT UNPACKING pc=0x000001f3491c4242 sp=0x000000a877efe248 mode 0
Event: 35.339 Thread 0x000001f39ce59050 DEOPT PACKING pc=0x000001f34200f82e sp=0x000000a877efecf0
Event: 35.339 Thread 0x000001f39ce59050 DEOPT UNPACKING pc=0x000001f3491c4242 sp=0x000000a877efe248 mode 0
Event: 35.339 Thread 0x000001f39ce59050 DEOPT PACKING pc=0x000001f34200f82e sp=0x000000a877efecf0
Event: 35.340 Thread 0x000001f39ce59050 DEOPT UNPACKING pc=0x000001f3491c4242 sp=0x000000a877efe248 mode 0
Event: 35.343 Thread 0x000001f39ce59050 Uncommon trap: trap_request=0xffffff45 fr.pc=0x000001f3497b8ae0 relative=0x0000000000000200
Event: 35.343 Thread 0x000001f39ce59050 Uncommon trap: reason=unstable_if action=reinterpret pc=0x000001f3497b8ae0 method=java.util.HashMap.getNode(Ljava/lang/Object;)Ljava/util/HashMap$Node; @ 131 c2
Event: 35.343 Thread 0x000001f39ce59050 DEOPT PACKING pc=0x000001f3497b8ae0 sp=0x000000a877efeec0
Event: 35.343 Thread 0x000001f39ce59050 DEOPT UNPACKING pc=0x000001f3491c3aa2 sp=0x000000a877efedd0 mode 2
Event: 35.343 Thread 0x000001f39ce59050 Uncommon trap: trap_request=0xffffff45 fr.pc=0x000001f3497b6da4 relative=0x0000000000000244
Event: 35.343 Thread 0x000001f39ce59050 Uncommon trap: reason=unstable_if action=reinterpret pc=0x000001f3497b6da4 method=java.util.HashMap.getNode(Ljava/lang/Object;)Ljava/util/HashMap$Node; @ 131 c2
Event: 35.343 Thread 0x000001f39ce59050 DEOPT PACKING pc=0x000001f3497b6da4 sp=0x000000a877efede0
Event: 35.343 Thread 0x000001f39ce59050 DEOPT UNPACKING pc=0x000001f3491c3aa2 sp=0x000000a877efed60 mode 2

Classes loaded (20 events):
Event: 32.692 Loading class jdk/internal/module/ModulePatcher$PatchedModuleReader
Event: 32.693 Loading class jdk/internal/module/ModulePatcher$PatchedModuleReader done
Event: 32.729 Loading class sun/text/resources/cldr/FormatData_en
Event: 32.730 Loading class sun/text/resources/cldr/FormatData_en done
Event: 32.730 Loading class sun/text/resources/cldr/FormatData_en_US
Event: 32.730 Loading class sun/text/resources/cldr/FormatData_en_US done
Event: 35.180 Loading class java/io/DataOutputStream
Event: 35.180 Loading class java/io/DataOutputStream done
Event: 35.250 Loading class java/util/RegularEnumSet$EnumSetIterator
Event: 35.250 Loading class java/util/RegularEnumSet$EnumSetIterator done
Event: 35.474 Loading class java/io/FileOutputStream$1
Event: 35.474 Loading class java/io/FileOutputStream$1 done
Event: 35.491 Loading class sun/nio/cs/ISO_8859_1$Encoder
Event: 35.510 Loading class sun/nio/cs/ISO_8859_1$Encoder done
Event: 35.510 Loading class sun/nio/cs/Surrogate$Parser
Event: 35.512 Loading class sun/nio/cs/Surrogate$Parser done
Event: 35.512 Loading class sun/nio/cs/Surrogate
Event: 35.512 Loading class sun/nio/cs/Surrogate done
Event: 35.513 Loading class sun/util/locale/provider/TimeZoneNameUtility
Event: 35.514 Loading class sun/util/locale/provider/TimeZoneNameUtility done

Classes unloaded (0 events):
No events

Classes redefined (0 events):
No events

Internal exceptions (20 events):
Event: 3.645 Thread 0x000001f33ea3d8d0 Implicit null exception at 0x000001f34976f629 to 0x000001f34976fef0
Event: 3.646 Thread 0x000001f33ea3d8d0 Implicit null exception at 0x000001f349780e9a to 0x000001f3497810bc
Event: 3.647 Thread 0x000001f33ea3d8d0 Exception <a 'java/lang/NoSuchMethodError'{0x00000000d56eda20}: 'void java.lang.invoke.DirectMethodHandle$Holder.invokeStatic(java.lang.Object, java.lang.Object, java.lang.Object, java.lang.Object)'> (0x00000000d56eda20) 
thrown [s\src\hotspot\share\interpreter\linkResolver.cpp, line 773]
Event: 3.651 Thread 0x000001f33ea3d8d0 Implicit null exception at 0x000001f34978079a to 0x000001f3497809bc
Event: 4.096 Thread 0x000001f33ea3d8d0 Exception <a 'java/lang/NoSuchMethodError'{0x00000000d59da0b0}: 'void java.lang.invoke.DirectMethodHandle$Holder.invokeSpecial(java.lang.Object, java.lang.Object, java.lang.Object)'> (0x00000000d59da0b0) 
thrown [s\src\hotspot\share\interpreter\linkResolver.cpp, line 773]
Event: 4.975 Thread 0x000001f33ea3d8d0 Exception <a 'java/lang/NoSuchMethodError'{0x00000000d6468438}: 'int java.lang.invoke.DirectMethodHandle$Holder.invokeVirtual(java.lang.Object, java.lang.Object)'> (0x00000000d6468438) 
thrown [s\src\hotspot\share\interpreter\linkResolver.cpp, line 773]
Event: 5.121 Thread 0x000001f33ea3d8d0 Exception <a 'java/lang/NoSuchMethodError'{0x00000000d65de8c0}: 'int java.lang.invoke.DirectMethodHandle$Holder.invokeStaticInit(java.lang.Object, java.lang.Object, java.lang.Object, java.lang.Object)'> (0x00000000d65de8c0) 
thrown [s\src\hotspot\share\interpreter\linkResolver.cpp, line 773]
Event: 5.123 Thread 0x000001f33ea3d8d0 Exception <a 'java/lang/IncompatibleClassChangeError'{0x00000000d65e7120}: Found class java.lang.Object, but interface was expected> (0x00000000d65e7120) 
thrown [s\src\hotspot\share\interpreter\linkResolver.cpp, line 840]
Event: 5.124 Thread 0x000001f33ea3d8d0 Exception <a 'java/lang/NoSuchMethodError'{0x00000000d65ed6f0}: 'void java.lang.invoke.DirectMethodHandle$Holder.invokeStaticInit(java.lang.Object, java.lang.Object)'> (0x00000000d65ed6f0) 
thrown [s\src\hotspot\share\interpreter\linkResolver.cpp, line 773]
Event: 5.126 Thread 0x000001f33ea3d8d0 Exception <a 'java/lang/NoSuchMethodError'{0x00000000d65f68c8}: 'int java.lang.invoke.DirectMethodHandle$Holder.invokeStaticInit(java.lang.Object, java.lang.Object)'> (0x00000000d65f68c8) 
thrown [s\src\hotspot\share\interpreter\linkResolver.cpp, line 773]
Event: 5.295 Thread 0x000001f33ea3d8d0 Exception <a 'java/lang/NoSuchMethodError'{0x00000000d683c868}: 'java.lang.Object java.lang.invoke.DirectMethodHandle$Holder.newInvokeSpecial(java.lang.Object, int, java.lang.Object)'> (0x00000000d683c868) 
thrown [s\src\hotspot\share\interpreter\linkResolver.cpp, line 773]
Event: 5.401 Thread 0x000001f33ea3d8d0 Exception <a 'java/lang/ClassNotFoundException'{0x00000000d6a54278}: sun/net/www/protocol/plurl/Handler> (0x00000000d6a54278) 
thrown [s\src\hotspot\share\classfile\systemDictionary.cpp, line 312]
Event: 5.401 Thread 0x000001f33ea3d8d0 Exception <a 'java/lang/ClassNotFoundException'{0x00000000d6a550f8}: sun/net/www/protocol/plurl/Handler> (0x00000000d6a550f8) 
thrown [s\src\hotspot\share\classfile\systemDictionary.cpp, line 312]
Event: 31.997 Thread 0x000001f33ea3d8d0 Exception <a 'java/lang/UnsatisfiedLinkError'{0x00000000d55ef458}: 'void org.eclipse.equinox.launcher.JNIBridge._update_splash()'> (0x00000000d55ef458) 
thrown [s\src\hotspot\share\prims\nativeLookup.cpp, line 415]
Event: 32.142 Thread 0x000001f39c2fec40 Exception <a 'java/lang/NoSuchMethodError'{0x00000000d586b798}: 'void java.lang.invoke.DirectMethodHandle$Holder.invokeInterface(java.lang.Object, java.lang.Object, java.lang.Object)'> (0x00000000d586b798) 
thrown [s\src\hotspot\share\interpreter\linkResolver.cpp, line 773]
Event: 32.507 Thread 0x000001f39c1414f0 Exception <a 'java/lang/NoSuchMethodError'{0x00000000d5cb8ce0}: 'java.lang.Object java.lang.invoke.DirectMethodHandle$Holder.newInvokeSpecial(java.lang.Object, java.lang.Object, int, java.lang.Object)'> (0x00000000d5cb8ce0) 
thrown [s\src\hotspot\share\interpreter\linkResolver.cpp, line 773]
Event: 32.508 Thread 0x000001f39c1414f0 Exception <a 'java/lang/NoSuchMethodError'{0x00000000d5cbcb10}: 'java.lang.Object java.lang.invoke.DirectMethodHandle$Holder.invokeSpecial(java.lang.Object, java.lang.Object, java.lang.Object, int, java.lang.Object)'> (0x00000000d5cbcb10) 
thrown [s\src\hotspot\share\interpreter\linkResolver.cpp, line 773]
Event: 32.541 Thread 0x000001f39c1414f0 Exception <a 'java/lang/NoClassDefFoundError'{0x00000000d5d63cd8}: jakarta/servlet/ServletContainerInitializer> (0x00000000d5d63cd8) 
thrown [s\src\hotspot\share\classfile\systemDictionary.cpp, line 301]
Event: 32.642 Thread 0x000001f39c1414f0 Exception <a 'java/lang/NoSuchMethodError'{0x00000000d5e87638}: 'java.lang.Object java.lang.invoke.DirectMethodHandle$Holder.invokeStatic(java.lang.Object, int, java.lang.Object)'> (0x00000000d5e87638) 
thrown [s\src\hotspot\share\interpreter\linkResolver.cpp, line 773]
Event: 32.658 Thread 0x000001f39c1414f0 Exception <a 'java/lang/ClassNotFoundException'{0x00000000d5ef3398}: sun/util/logging/resources/spi/loggingProvider> (0x00000000d5ef3398) 
thrown [s\src\hotspot\share\classfile\systemDictionary.cpp, line 312]

ZGC Phase Switch (0 events):
No events

VM Operations (20 events):
Event: 8.425 Executing safepoint VM operation: Cleanup
Event: 8.425 Executing safepoint VM operation: Cleanup done
Event: 28.103 Executing safepoint VM operation: ParallelGCFailedAllocation (Allocation Failure)
Event: 28.117 Executing safepoint VM operation: ParallelGCFailedAllocation (Allocation Failure) done
Event: 32.153 Executing safepoint VM operation: Cleanup
Event: 32.307 Executing safepoint VM operation: Cleanup done
Event: 32.619 Executing non-safepoint VM operation: HandshakeAllThreads (Deoptimize)
Event: 32.619 Executing non-safepoint VM operation: HandshakeAllThreads (Deoptimize) done
Event: 32.693 Executing non-safepoint VM operation: HandshakeAllThreads (Deoptimize)
Event: 32.693 Executing non-safepoint VM operation: HandshakeAllThreads (Deoptimize) done
Event: 32.744 Executing non-safepoint VM operation: HandshakeAllThreads (Deoptimize)
Event: 32.744 Executing non-safepoint VM operation: HandshakeAllThreads (Deoptimize) done
Event: 33.313 Executing non-safepoint VM operation: HandshakeAllThreads (Deoptimize)
Event: 33.314 Executing non-safepoint VM operation: HandshakeAllThreads (Deoptimize) done
Event: 33.314 Executing safepoint VM operation: Cleanup
Event: 33.314 Executing safepoint VM operation: Cleanup done
Event: 34.317 Executing safepoint VM operation: Cleanup
Event: 34.317 Executing safepoint VM operation: Cleanup done
Event: 35.326 Executing safepoint VM operation: Cleanup
Event: 35.326 Executing safepoint VM operation: Cleanup done

Memory protections (0 events):
No events

Nmethod flushes (0 events):
No events

Events (20 events):
Event: 1.173 Thread 0x000001f39c2ed260 Thread exited: 0x000001f39c2ed260
Event: 1.397 Thread 0x000001f33ea3d8d0 Thread added: 0x000001f39c332a50
Event: 1.716 Thread 0x000001f39c0458f0 Thread added: 0x000001f39c3cdbc0
Event: 1.875 Thread 0x000001f39c0458f0 Thread added: 0x000001f39c3fe250
Event: 2.165 Thread 0x000001f39c3fe250 Thread exited: 0x000001f39c3fe250
Event: 2.419 Thread 0x000001f39c3cdbc0 Thread exited: 0x000001f39c3cdbc0
Event: 4.287 Thread 0x000001f39c0458f0 Thread added: 0x000001f39cbf4860
Event: 4.287 Thread 0x000001f39c0458f0 Thread added: 0x000001f39cd45360
Event: 4.503 Thread 0x000001f39cd45360 Thread exited: 0x000001f39cd45360
Event: 5.152 Thread 0x000001f33ea3d8d0 Thread added: 0x000001f39ce59050
Event: 5.422 Thread 0x000001f39cbf4860 Thread exited: 0x000001f39cbf4860
Event: 31.982 Thread 0x000001f33ea3d8d0 Thread added: 0x000001f39c2fec40
Event: 32.147 Thread 0x000001f39c2fec40 Thread added: 0x000001f39c381280
Event: 32.320 Thread 0x000001f33ea3d8d0 Thread added: 0x000001f39c1414f0
Event: 33.338 Thread 0x000001f39c0458f0 Thread added: 0x000001f39c6e3020
Event: 33.338 Thread 0x000001f39c0458f0 Thread added: 0x000001f39c6e36d0
Event: 34.057 Thread 0x000001f39c6e36d0 Thread exited: 0x000001f39c6e36d0
Event: 34.261 Thread 0x000001f39c6e3020 Thread exited: 0x000001f39c6e3020
Event: 35.289 Thread 0x000001f33e9b90d0 Thread added: 0x000001f39c719a00
Event: 35.320 Thread 0x000001f39c719a00 Thread added: 0x000001f39c7c1d50


Dynamic libraries:
0x00007ff6647e0000 - 0x00007ff6647ee000 	c:\Users\hp\.vscode\extensions\redhat.java-1.54.0-win32-x64\jre\21.0.10-win32-x86_64\bin\java.exe
0x00007ff915160000 - 0x00007ff9153c8000 	C:\WINDOWS\SYSTEM32\ntdll.dll
0x00007ff9137b0000 - 0x00007ff913879000 	C:\WINDOWS\System32\KERNEL32.DLL
0x00007ff912b30000 - 0x00007ff912f22000 	C:\WINDOWS\System32\KERNELBASE.dll
0x00007ff9129e0000 - 0x00007ff912b2b000 	C:\WINDOWS\System32\ucrtbase.dll
0x00007ff8e3c20000 - 0x00007ff8e3c3e000 	c:\Users\hp\.vscode\extensions\redhat.java-1.54.0-win32-x64\jre\21.0.10-win32-x86_64\bin\VCRUNTIME140.dll
0x00007ff8e3c00000 - 0x00007ff8e3c18000 	c:\Users\hp\.vscode\extensions\redhat.java-1.54.0-win32-x64\jre\21.0.10-win32-x86_64\bin\jli.dll
0x00007ff913000000 - 0x00007ff9131c5000 	C:\WINDOWS\System32\USER32.dll
0x00007ff8f21d0000 - 0x00007ff8f2463000 	C:\WINDOWS\WinSxS\amd64_microsoft.windows.common-controls_6595b64144ccf1df_6.0.26100.6899_none_3e0efeeae32e88c1\COMCTL32.dll
0x00007ff912470000 - 0x00007ff912497000 	C:\WINDOWS\System32\win32u.dll
0x00007ff914d80000 - 0x00007ff914e29000 	C:\WINDOWS\System32\msvcrt.dll
0x00007ff914060000 - 0x00007ff91408b000 	C:\WINDOWS\System32\GDI32.dll
0x00007ff9124a0000 - 0x00007ff9125cd000 	C:\WINDOWS\System32\gdi32full.dll
0x00007ff912690000 - 0x00007ff912733000 	C:\WINDOWS\System32\msvcp_win.dll
0x00007ff912fc0000 - 0x00007ff912fef000 	C:\WINDOWS\System32\IMM32.DLL
0x00007ff906240000 - 0x00007ff90624c000 	c:\Users\hp\.vscode\extensions\redhat.java-1.54.0-win32-x64\jre\21.0.10-win32-x86_64\bin\vcruntime140_1.dll
0x00007ff8d05f0000 - 0x00007ff8d067d000 	c:\Users\hp\.vscode\extensions\redhat.java-1.54.0-win32-x64\jre\21.0.10-win32-x86_64\bin\msvcp140.dll
0x00007ff86aae0000 - 0x00007ff86b881000 	c:\Users\hp\.vscode\extensions\redhat.java-1.54.0-win32-x64\jre\21.0.10-win32-x86_64\bin\server\jvm.dll
0x00007ff9131d0000 - 0x00007ff913284000 	C:\WINDOWS\System32\ADVAPI32.dll
0x00007ff913510000 - 0x00007ff9135b6000 	C:\WINDOWS\System32\sechost.dll
0x00007ff914e30000 - 0x00007ff914f48000 	C:\WINDOWS\System32\RPCRT4.dll
0x00007ff914310000 - 0x00007ff914384000 	C:\WINDOWS\System32\WS2_32.dll
0x00007ff912150000 - 0x00007ff9121ae000 	C:\WINDOWS\SYSTEM32\POWRPROF.dll
0x00007ff8fafc0000 - 0x00007ff8faff5000 	C:\WINDOWS\SYSTEM32\WINMM.dll
0x00007ff90adf0000 - 0x00007ff90adfb000 	C:\WINDOWS\SYSTEM32\VERSION.dll
0x00007ff912130000 - 0x00007ff912144000 	C:\WINDOWS\SYSTEM32\UMPDC.dll
0x00007ff911080000 - 0x00007ff91109b000 	C:\WINDOWS\SYSTEM32\kernel.appcore.dll
0x00007ff905f40000 - 0x00007ff905f4a000 	c:\Users\hp\.vscode\extensions\redhat.java-1.54.0-win32-x64\jre\21.0.10-win32-x86_64\bin\jimage.dll
0x00007ff90f990000 - 0x00007ff90fbd2000 	C:\WINDOWS\SYSTEM32\DBGHELP.DLL
0x00007ff914390000 - 0x00007ff91470b000 	C:\WINDOWS\System32\combase.dll
0x00007ff914ca0000 - 0x00007ff914d77000 	C:\WINDOWS\System32\OLEAUT32.dll
0x00007ff8fb780000 - 0x00007ff8fb7bc000 	C:\WINDOWS\SYSTEM32\dbgcore.DLL
0x00007ff912740000 - 0x00007ff9127d8000 	C:\WINDOWS\System32\bcryptPrimitives.dll
0x00007ff9046f0000 - 0x00007ff9046ff000 	c:\Users\hp\.vscode\extensions\redhat.java-1.54.0-win32-x64\jre\21.0.10-win32-x86_64\bin\instrument.dll
0x00007ff8e28f0000 - 0x00007ff8e2910000 	c:\Users\hp\.vscode\extensions\redhat.java-1.54.0-win32-x64\jre\21.0.10-win32-x86_64\bin\java.dll
0x00007ff913910000 - 0x00007ff91405d000 	C:\WINDOWS\System32\SHELL32.dll
0x00007ff9127e0000 - 0x00007ff91294b000 	C:\WINDOWS\System32\wintypes.dll
0x00007ff90ff20000 - 0x00007ff91077d000 	C:\WINDOWS\SYSTEM32\windows.storage.dll
0x00007ff914710000 - 0x00007ff914802000 	C:\WINDOWS\System32\SHCORE.dll
0x00007ff9140a0000 - 0x00007ff914102000 	C:\WINDOWS\System32\shlwapi.dll
0x00007ff912210000 - 0x00007ff912239000 	C:\WINDOWS\SYSTEM32\profapi.dll
0x00007ff8e28d0000 - 0x00007ff8e28e8000 	c:\Users\hp\.vscode\extensions\redhat.java-1.54.0-win32-x64\jre\21.0.10-win32-x86_64\bin\zip.dll
0x00007ff903e50000 - 0x00007ff903e60000 	C:\Users\hp\.vscode\extensions\redhat.java-1.54.0-win32-x64\jre\21.0.10-win32-x86_64\bin\net.dll
0x00007ff9064d0000 - 0x00007ff9065ef000 	C:\WINDOWS\SYSTEM32\WINHTTP.dll
0x00007ff9115d0000 - 0x00007ff91163b000 	C:\WINDOWS\system32\mswsock.dll
0x00007ff8de2e0000 - 0x00007ff8de2f6000 	C:\Users\hp\.vscode\extensions\redhat.java-1.54.0-win32-x64\jre\21.0.10-win32-x86_64\bin\nio.dll
0x00007ff901600000 - 0x00007ff901610000 	c:\Users\hp\.vscode\extensions\redhat.java-1.54.0-win32-x64\jre\21.0.10-win32-x86_64\bin\verify.dll
0x00007ff9047c0000 - 0x00007ff904805000 	C:\Users\hp\AppData\Roaming\Code\User\globalStorage\redhat.java\1.54.0\config_win\org.eclipse.equinox.launcher\org.eclipse.equinox.launcher.win32.win32.x86_64_1.3.0.v20260203-2149\eclipse_11919.dll
0x00007ff913290000 - 0x00007ff913428000 	C:\WINDOWS\System32\ole32.dll

JVMTI agents:
c:\Users\hp\.vscode\extensions\redhat.java-1.54.0-win32-x64\lombok\lombok-1.18.39-4050.jar path:c:\Users\hp\.vscode\extensions\redhat.java-1.54.0-win32-x64\jre\21.0.10-win32-x86_64\bin\instrument.dll, loaded, initialized, instrumentlib options:none

dbghelp: loaded successfully - version: 4.0.5 - missing functions: none
symbol engine: initialized successfully - sym options: 0x614 - pdb path: .;c:\Users\hp\.vscode\extensions\redhat.java-1.54.0-win32-x64\jre\21.0.10-win32-x86_64\bin;C:\WINDOWS\SYSTEM32;C:\WINDOWS\WinSxS\amd64_microsoft.windows.common-controls_6595b64144ccf1df_6.0.26100.6899_none_3e0efeeae32e88c1;c:\Users\hp\.vscode\extensions\redhat.java-1.54.0-win32-x64\jre\21.0.10-win32-x86_64\bin\server;C:\Users\hp\AppData\Roaming\Code\User\globalStorage\redhat.java\1.54.0\config_win\org.eclipse.equinox.launcher\org.eclipse.equinox.launcher.win32.win32.x86_64_1.3.0.v20260203-2149

VM Arguments:
jvm_args: --add-modules=ALL-SYSTEM --add-opens=java.base/java.util=ALL-UNNAMED --add-opens=java.base/java.lang=ALL-UNNAMED --add-opens=java.base/sun.nio.fs=ALL-UNNAMED -Declipse.application=org.eclipse.jdt.ls.core.id1 -Dosgi.bundles.defaultStartLevel=4 -Declipse.product=org.eclipse.jdt.ls.core.product -Djava.import.generatesMetadataFilesAtProjectRoot=false -DDetectVMInstallationsJob.disabled=true -Dfile.encoding=utf8 -XX:+UseParallelGC -XX:GCTimeRatio=4 -XX:AdaptiveSizePolicyWeight=90 -Dsun.zip.disableMemoryMapping=true -Xmx2G -Xms100m -Xlog:disable -javaagent:c:\Users\hp\.vscode\extensions\redhat.java-1.54.0-win32-x64\lombok\lombok-1.18.39-4050.jar -XX:+HeapDumpOnOutOfMemoryError -XX:HeapDumpPath=c:\Users\hp\AppData\Roaming\Code\User\workspaceStorage\4698a924fc0f88ab0c54b62ea1e35153\redhat.java -Daether.dependencyCollector.impl=bf 
java_command: c:\Users\hp\.vscode\extensions\redhat.java-1.54.0-win32-x64\server\plugins\org.eclipse.equinox.launcher_1.7.100.v20251111-0406.jar -configuration c:\Users\hp\AppData\Roaming\Code\User\globalStorage\redhat.java\1.54.0\config_win -data c:\Users\hp\AppData\Roaming\Code\User\workspaceStorage\4698a924fc0f88ab0c54b62ea1e35153\redhat.java\jdt_ws --pipe=\\.\pipe\lsp-9d9601a667fe0bbedab30bc8ac042a7c-sock
java_class_path (initial): c:\Users\hp\.vscode\extensions\redhat.java-1.54.0-win32-x64\server\plugins\org.eclipse.equinox.launcher_1.7.100.v20251111-0406.jar
Launcher Type: SUN_STANDARD

[Global flags]
    uintx AdaptiveSizePolicyWeight                 = 90                                        {product} {command line}
     intx CICompilerCount                          = 4                                         {product} {ergonomic}
    uintx GCTimeRatio                              = 4                                         {product} {command line}
     bool HeapDumpOnOutOfMemoryError               = true                                   {manageable} {command line}
    ccstr HeapDumpPath                             = c:\Users\hp\AppData\Roaming\Code\User\workspaceStorage\4698a924fc0f88ab0c54b62ea1e35153\redhat.java         {manageable} {command line}
   size_t InitialHeapSize                          = 104857600                                 {product} {command line}
   size_t MaxHeapSize                              = 2147483648                                {product} {command line}
   size_t MaxNewSize                               = 715653120                                 {product} {ergonomic}
   size_t MinHeapDeltaBytes                        = 524288                                    {product} {ergonomic}
   size_t MinHeapSize                              = 104857600                                 {product} {command line}
   size_t NewSize                                  = 34603008                                  {product} {ergonomic}
    uintx NonNMethodCodeHeapSize                   = 5839372                                {pd product} {ergonomic}
    uintx NonProfiledCodeHeapSize                  = 122909434                              {pd product} {ergonomic}
   size_t OldSize                                  = 70254592                                  {product} {ergonomic}
    uintx ProfiledCodeHeapSize                     = 122909434                              {pd product} {ergonomic}
    uintx ReservedCodeCacheSize                    = 251658240                              {pd product} {ergonomic}
     bool SegmentedCodeCache                       = true                                      {product} {ergonomic}
   size_t SoftMaxHeapSize                          = 2147483648                             {manageable} {ergonomic}
     bool UseCompressedOops                        = true                           {product lp64_product} {ergonomic}
     bool UseLargePagesIndividualAllocation        = false                                  {pd product} {ergonomic}
     bool UseParallelGC                            = true                                      {product} {command line}

Logging:
Log output configuration:
 #0: stdout all=off uptime,level,tags foldmultilines=false
 #1: stderr all=off uptime,level,tags foldmultilines=false

Release file:
JAVA_VERSION="21.0.10" 
MODULES="java.base java.compiler java.datatransfer java.xml java.prefs java.desktop java.instrument java.logging java.management java.security.sasl java.naming java.rmi java.management.rmi java.net.http java.scripting java.security.jgss java.transaction.xa java.sql java.sql.rowset java.xml.crypto java.se java.smartcardio jdk.accessibility jdk.internal.jvmstat jdk.attach jdk.charsets jdk.internal.opt jdk.zipfs jdk.compiler jdk.crypto.ec jdk.crypto.cryptoki jdk.crypto.mscapi jdk.dynalink jdk.internal.ed jdk.editpad jdk.hotspot.agent jdk.httpserver jdk.internal.le jdk.internal.vm.ci jdk.internal.vm.compiler jdk.internal.vm.compiler.management jdk.jartool jdk.javadoc jdk.jcmd jdk.management jdk.management.agent jdk.jconsole jdk.jdeps jdk.jdwp.agent jdk.jdi jdk.jfr jdk.jshell jdk.jsobject jdk.jstatd jdk.localedata jdk.management.jfr jdk.naming.dns jdk.naming.rmi jdk.net jdk.nio.mapmode jdk.random jdk.sctp jdk.security.auth jdk.security.jgss jdk.unsupported jdk.unsupported.desktop jdk.xml.dom" 

Environment Variables:
JAVA_HOME=C:\Program Files\Java\jdk-21
PATH=C:\Users\hp\AppData\Local\Programs\Microsoft VS Code;C:\Python314\Scripts\;C:\Python314\;C:\Program Files\Common Files\Oracle\Java\javapath;C:\Windows\System32;C:\Windows;C:\Windows\System32\wbem;C:\Windows\System32\WindowsPowerShell\v1.0\;C:\Windows\System32\OpenSSH\;C:\Program Files\Git\cmdC:\Program Files\Java\jdk-21\bin;C:\Program Files\dotnet\;C:\Program Files (x86)\GnuPG\bin;C:\ProgramData\ComposerSetup\bin;C:\Program Files (x86)\cloudflared\;C:\Program Files\Docker\Docker\resources\bin;C:\ProgramData\chocolatey\bin;C:\Users\hp\AppData\Local\nvm;C:\nvm4w\nodejs;C:\Users\hp\AppData\Local\Programs\Python\Launcher\;C:\Users\hp\AppData\Local\Microsoft\WindowsApps;C:\Users\hp\AppData\Local\ComposerSetup\bin;C:\Users\hp\AppData\Roaming\Composer\vendor\bin;C:\Program Files\Git\bin;C:\Users\hp\AppData\Local\Programs\Fiddler;C:\Program Files\PostgreSQL\16\bin;C:\Program Files\MongoDB\Server\7.0\bin;C:\Program Files\ComposerSetup\composer.phar;C:\xampp\php;C:\Users\hp\AppData\Local\Microsoft\WindowsApps;C:\Users\hp\AppData\Local\Programs\Python\Python312;C:\Users\hp\AppData\Local\Programs\Python\Python312\Scripts;C:\Users\hp\AppData\Roaming\npm;C:\Users\hp\AppData\Local\nvm;C:\nvm4w\nodejs;C:\Program Files\PostgreSQL\17\bin;C:\Users\hp\.dotnet\tools;C:\Users\hp\AppData\Local\Google\Cloud SDK\google-cloud-sdk\bin;C:\Users\hp\AppData\Local\Programs\Microsoft VS Code\bin
USERNAME=hp
OS=Windows_NT
PROCESSOR_IDENTIFIER=Intel64 Family 6 Model 142 Stepping 12, GenuineIntel
TMP=C:\Users\hp\AppData\Local\Temp
TEMP=C:\Users\hp\AppData\Local\Temp




Periodic native trim disabled

---------------  S Y S T E M  ---------------

OS:
 Windows 11 , 64 bit Build 26100 (10.0.26100.6725)
OS uptime: 1 days 1:55 hours
Hyper-V role detected

CPU: total 8 (initial active 8) (4 cores per cpu, 2 threads per core) family 6 model 142 stepping 12 microcode 0xf8, cx8, cmov, fxsr, ht, mmx, 3dnowpref, sse, sse2, sse3, ssse3, sse4.1, sse4.2, popcnt, lzcnt, tsc, tscinvbit, avx, avx2, aes, erms, clmul, bmi1, bmi2, adx, fma, vzeroupper, clflush, clflushopt, hv, rdtscp, f16c
Processor Information for the first 8 processors :
  Max Mhz: 2112, Current Mhz: 2112, Mhz Limit: 2112

Memory: 4k page, system-wide physical 16198M (1249M free)
TotalPageFile size 26608M (AvailPageFile size 35M)
current process WorkingSet (physical memory assigned to process): 115M, peak: 115M
current process commit charge ("private bytes"): 259M, peak: 259M

vm_info: OpenJDK 64-Bit Server VM (21.0.10+7-LTS) for windows-amd64 JRE (21.0.10+7-LTS), built on 2026-01-20T00:00:00Z by "admin" with MS VC++ 17.12 (VS2022)

END.
